c:\users\sam\source\repos\queuerequestsbooks\queuerequestsbooks\debug\queuerequestsbooks.pch
c:\users\sam\source\repos\queuerequestsbooks\queuerequestsbooks\debug\vc141.pdb
c:\users\sam\source\repos\queuerequestsbooks\queuerequestsbooks\debug\vc141.idb
c:\users\sam\source\repos\queuerequestsbooks\queuerequestsbooks\debug\stdafx.obj
c:\users\sam\source\repos\queuerequestsbooks\queuerequestsbooks\debug\book.obj
c:\users\sam\source\repos\queuerequestsbooks\queuerequestsbooks\debug\queuerequestsbooks.obj
c:\users\sam\source\repos\queuerequestsbooks\queuerequestsbooks\debug\data.obj
c:\users\sam\source\repos\queuerequestsbooks\queuerequestsbooks\debug\member.obj
c:\users\sam\source\repos\queuerequestsbooks\queuerequestsbooks\debug\request.obj
c:\users\sam\source\repos\queuerequestsbooks\queuerequestsbooks\debug\cua.obj
c:\users\sam\source\repos\queuerequestsbooks\debug\queuerequestsbooks.exe
c:\users\sam\source\repos\queuerequestsbooks\debug\queuerequestsbooks.ilk
c:\users\sam\source\repos\queuerequestsbooks\debug\queuerequestsbooks.pdb
c:\users\sam\source\repos\queuerequestsbooks\queuerequestsbooks\debug\cua.obj.enc
c:\users\sam\source\repos\queuerequestsbooks\queuerequestsbooks\debug\queuereq.bf6b1a02.tlog\cl.command.1.tlog
c:\users\sam\source\repos\queuerequestsbooks\queuerequestsbooks\debug\queuereq.bf6b1a02.tlog\cl.read.1.tlog
c:\users\sam\source\repos\queuerequestsbooks\queuerequestsbooks\debug\queuereq.bf6b1a02.tlog\cl.write.1.tlog
c:\users\sam\source\repos\queuerequestsbooks\queuerequestsbooks\debug\queuereq.bf6b1a02.tlog\link.command.1.tlog
c:\users\sam\source\repos\queuerequestsbooks\queuerequestsbooks\debug\queuereq.bf6b1a02.tlog\link.read.1.tlog
c:\users\sam\source\repos\queuerequestsbooks\queuerequestsbooks\debug\queuereq.bf6b1a02.tlog\link.write.1.tlog
